<?xml version="1.0" encoding="UTF-8"?>
<robot generator="Robot 6.1.1 (Python 3.11.1 on win32)" generated="20241024 15:54:21.483" rpa="false" schemaversion="4">
<suite id="s1" name="TC1" source="C:\Users\akshobya\PycharmProjects\SampleDemoProject\TC1.robot">
<test id="s1-t1" name="Open Chrome Browser with Auto-Synced ChromeDriver" line="6">
<kw name="Open Chrome Browser" library="CustomWebDriver">
<var>${driver}</var>
<doc>Opens a Chrome browser using the correct version of ChromeDriver
managed by WebDriverManager.</doc>
<msg timestamp="20241024 15:54:21.632" level="INFO">====== WebDriver manager ======</msg>
<msg timestamp="20241024 15:54:22.172" level="INFO">Get LATEST chromedriver version for google-chrome 130.0.6723</msg>
<msg timestamp="20241024 15:54:23.913" level="INFO">There is no [win32] chromedriver for browser 130.0.6723 in cache</msg>
<msg timestamp="20241024 15:54:24.420" level="INFO">Get LATEST chromedriver version for google-chrome 130.0.6723</msg>
<msg timestamp="20241024 15:54:25.518" level="INFO">About to download new driver from https://chromedriver.storage.googleapis.com/130.0.6723/chromedriver_win32.zip</msg>
<msg timestamp="20241024 15:54:26.823" level="FAIL">ValueError: There is no such driver by url https://chromedriver.storage.googleapis.com/130.0.6723/chromedriver_win32.zip</msg>
<status status="FAIL" starttime="20241024 15:54:21.632" endtime="20241024 15:54:26.831"/>
</kw>
<kw name="Go To" library="SeleniumLibrary">
<arg>https://www.google.com</arg>
<doc>Navigates the current browser window to the provided ``url``.</doc>
<status status="NOT RUN" starttime="20241024 15:54:26.831" endtime="20241024 15:54:26.831"/>
</kw>
<kw name="Log" library="BuiltIn">
<arg>Browser opened successfully</arg>
<doc>Logs the given message with the given level.</doc>
<status status="NOT RUN" starttime="20241024 15:54:26.831" endtime="20241024 15:54:26.831"/>
</kw>
<kw name="Close Browser">
<status status="NOT RUN" starttime="20241024 15:54:26.831" endtime="20241024 15:54:26.831"/>
</kw>
<status status="FAIL" starttime="20241024 15:54:21.632" endtime="20241024 15:54:26.831">ValueError: There is no such driver by url https://chromedriver.storage.googleapis.com/130.0.6723/chromedriver_win32.zip</status>
</test>
<status status="FAIL" starttime="20241024 15:54:21.483" endtime="20241024 15:54:26.831"/>
</suite>
<statistics>
<total>
<stat pass="0" fail="1" skip="0">All Tests</stat>
</total>
<tag>
</tag>
<suite>
<stat pass="0" fail="1" skip="0" id="s1" name="TC1">TC1</stat>
</suite>
</statistics>
<errors>
</errors>
</robot>
